<?xml version="1.0" encoding="UTF-8"?>
<testng-results ignored="0" total="1" passed="1" failed="0" skipped="0">
  <reporter-output>
  </reporter-output>
  <suite started-at="2024-10-10T13:50:36 IST" name="Default suite" finished-at="2024-10-10T13:50:50 IST" duration-ms="13783">
    <groups>
    </groups>
    <test started-at="2024-10-10T13:50:36 IST" name="Default test" finished-at="2024-10-10T13:50:50 IST" duration-ms="13783">
      <class name="test_PKG.FinalP_DataDrivenTest">
        <test-method is-config="true" signature="before()[pri:0, instance:test_PKG.FinalP_DataDrivenTest@196a42c3]" started-at="2024-10-10T13:50:36 IST" name="before" finished-at="2024-10-10T13:50:41 IST" duration-ms="5008" status="PASS">
          <reporter-output>
          </reporter-output>
        </test-method> <!-- before -->
        <test-method signature="DataDrivenTest()[pri:0, instance:test_PKG.FinalP_DataDrivenTest@196a42c3]" started-at="2024-10-10T13:50:41 IST" name="DataDrivenTest" finished-at="2024-10-10T13:50:50 IST" duration-ms="8729" status="PASS">
          <reporter-output>
          </reporter-output>
        </test-method> <!-- DataDrivenTest -->
      </class> <!-- test_PKG.FinalP_DataDrivenTest -->
    </test> <!-- Default test -->
  </suite> <!-- Default suite -->
</testng-results>
